  Reading Qt configuration (D:/Qt/5.15.2/msvc2019_64/bin/qmake)
  uic ui\login.ui
  rcc ui\login.qrc
  moc ui\signup.h
  moc ui\Login.h
  moc base\QAvatar.h
  moc net\Agency.h
  moc net\INet.h
  moc net\UDPThread.h
   RCC: Warning: No resources in 'D:\wd\leo-client\ui\login.qrc'.
  moc net\UDPAgency.h
  moc net\TCPThread.h
  moc net\TCPAgency.h
  QAvatar.cpp
  TCPAgency.cpp
  TCPNet.cpp
  TCPThread.cpp
  UDPAgency.cpp
  UDPNet.cpp
  UDPThread.cpp
  UDPVerify.cpp
D:\wd\leo-client\net\Protocol\Protocol.h(1,1): warning C4819: 该文件包含不能在当前代码页(936)中表示的字符。请将该文件保存为 Unicode 格式以防止数据丢失 (编译源文件 net\UDPVerify.cpp)
  main.cpp
D:\wd\leo-client\net\Protocol\Protocol.h(1,1): warning C4819: 该文件包含不能在当前代码页(936)中表示的字符。请将该文件保存为 Unicode 格式以防止数据丢失 (编译源文件 net\UDPNet.cpp)
D:\wd\leo-client\net\Agency.h(9,49): error C2027: 使用了未定义类型“Agency” (编译源文件 net\TCPAgency.cpp)
D:\wd\leo-client\net\Agency.h(7): message : 参见“Agency”的声明 (编译源文件 net\TCPAgency.cpp)
D:\wd\leo-client\net\Agency.h(9,57): error C2065: “DealData”: 未声明的标识符 (编译源文件 net\TCPAgency.cpp)
D:\wd\leo-client\net\Protocol\Protocol.h(1,1): warning C4819: 该文件包含不能在当前代码页(936)中表示的字符。请将该文件保存为 Unicode 格式以防止数据丢失 (编译源文件 net\TCPAgency.cpp)
D:\wd\leo-client\net\INet.h(22,11): error C2143: 语法错误: 缺少“;”(在“*”的前面) (编译源文件 net\UDPThread.cpp)
D:\wd\leo-client\net\INet.h(22,11): error C4430: 缺少类型说明符 - 假定为 int。注意: C++ 不支持默认 int (编译源文件 net\UDPThread.cpp)
D:\wd\leo-client\net\INet.h(22,37): error C2238: 意外的标记位于“;”之前 (编译源文件 net\UDPThread.cpp)
D:\wd\leo-client\net\Agency.h(9,49): error C2027: 使用了未定义类型“Agency” (编译源文件 net\UDPThread.cpp)
D:\wd\leo-client\net\Agency.h(7): message : 参见“Agency”的声明 (编译源文件 net\UDPThread.cpp)
D:\wd\leo-client\net\Agency.h(9,57): error C2065: “DealData”: 未声明的标识符 (编译源文件 net\UDPThread.cpp)
D:\wd\leo-client\net\Agency.h(30,11): error C2143: 语法错误: 缺少“;”(在“*”的前面) (编译源文件 net\UDPThread.cpp)
D:\wd\leo-client\net\Agency.h(30,11): error C4430: 缺少类型说明符 - 假定为 int。注意: C++ 不支持默认 int (编译源文件 net\UDPThread.cpp)
D:\wd\leo-client\net\Agency.h(30,19): error C2238: 意外的标记位于“;”之前 (编译源文件 net\UDPThread.cpp)
D:\wd\leo-client\net\Agency.h(19,10): error C2659: “=”: 作为左操作数 (编译源文件 net\UDPThread.cpp)
D:\wd\leo-client\net\Protocol\Protocol.h(1,1): warning C4819: 该文件包含不能在当前代码页(936)中表示的字符。请将该文件保存为 Unicode 格式以防止数据丢失 (编译源文件 net\UDPThread.cpp)
D:\wd\leo-client\net\Protocol\Protocol.h(1,1): warning C4819: 该文件包含不能在当前代码页(936)中表示的字符。请将该文件保存为 Unicode 格式以防止数据丢失 (编译源文件 net\UDPAgency.cpp)
D:\wd\leo-client\net\INet.h(22,11): error C2143: 语法错误: 缺少“;”(在“*”的前面) (编译源文件 net\TCPThread.cpp)
D:\wd\leo-client\net\INet.h(22,11): error C4430: 缺少类型说明符 - 假定为 int。注意: C++ 不支持默认 int (编译源文件 net\TCPThread.cpp)
D:\wd\leo-client\net\INet.h(22,37): error C2238: 意外的标记位于“;”之前 (编译源文件 net\TCPThread.cpp)
D:\wd\leo-client\net\Agency.h(9,49): error C2027: 使用了未定义类型“Agency” (编译源文件 net\TCPThread.cpp)
D:\wd\leo-client\net\Agency.h(7): message : 参见“Agency”的声明 (编译源文件 net\TCPThread.cpp)
D:\wd\leo-client\net\Agency.h(9,57): error C2065: “DealData”: 未声明的标识符 (编译源文件 net\TCPThread.cpp)
D:\wd\leo-client\net\Agency.h(30,11): error C2143: 语法错误: 缺少“;”(在“*”的前面) (编译源文件 net\TCPThread.cpp)
D:\wd\leo-client\net\Agency.h(30,11): error C4430: 缺少类型说明符 - 假定为 int。注意: C++ 不支持默认 int (编译源文件 net\TCPThread.cpp)
D:\wd\leo-client\net\Agency.h(30,19): error C2238: 意外的标记位于“;”之前 (编译源文件 net\TCPThread.cpp)
D:\wd\leo-client\net\Agency.h(19,10): error C2659: “=”: 作为左操作数 (编译源文件 net\TCPThread.cpp)
D:\wd\leo-client\net\Protocol\Protocol.h(1,1): warning C4819: 该文件包含不能在当前代码页(936)中表示的字符。请将该文件保存为 Unicode 格式以防止数据丢失 (编译源文件 net\TCPThread.cpp)
D:\wd\leo-client\net\Protocol\Protocol.h(1,1): warning C4819: 该文件包含不能在当前代码页(936)中表示的字符。请将该文件保存为 Unicode 格式以防止数据丢失 (编译源文件 net\TCPNet.cpp)
D:\wd\leo-client\net\TCPAgency.h(22,1): error C2504: “Agency”: 未定义基类 (编译源文件 net\UDPNet.cpp)
D:\wd\leo-client\net\Agency.h(9,49): error C2027: 使用了未定义类型“Agency” (编译源文件 net\UDPNet.cpp)
D:\wd\leo-client\net\Agency.h(7): message : 参见“Agency”的声明 (编译源文件 net\UDPNet.cpp)
D:\wd\leo-client\net\Agency.h(9,57): error C2065: “DealData”: 未声明的标识符 (编译源文件 net\UDPNet.cpp)
D:\wd\leo-client\net\Agency.h(29,6): error C2143: 语法错误: 缺少“;”(在“*”的前面) (编译源文件 net\UDPNet.cpp)
D:\wd\leo-client\net\Agency.h(29,6): error C4430: 缺少类型说明符 - 假定为 int。注意: C++ 不支持默认 int (编译源文件 net\UDPNet.cpp)
D:\wd\leo-client\net\Agency.h(29,11): error C2238: 意外的标记位于“;”之前 (编译源文件 net\UDPNet.cpp)
D:\wd\leo-client\net\Agency.h(18,3): error C2065: “net”: 未声明的标识符 (编译源文件 net\UDPNet.cpp)
D:\wd\leo-client\net\TCPAgency.cpp(19,3): error C2440: “初始化”: 无法从“bool (__cdecl TCPNet::* )(const char *,const int)”转换为“PTCPFUN”
D:\wd\leo-client\net\TCPAgency.cpp(19,3): message : 与指向的类型无关；强制转换要求 reinterpret_cast、C 样式强制转换或函数样式强制转换
D:\wd\leo-client\net\TCPAgency.cpp(109,42): error C2664: “void CTCPAgency::DealFriendListSignal(char *,int)”: 无法将参数 1 从“const char *”转换为“char *”
D:\wd\leo-client\net\TCPAgency.cpp(109,28): message : 转换丢失限定符
D:\wd\leo-client\net\TCPAgency.h(41,7): message : 参见“CTCPAgency::DealFriendListSignal”的声明 (编译源文件 net\TCPAgency.cpp)
D:\wd\leo-client\net\TCPAgency.h(22,1): error C2504: “Agency”: 未定义基类 (编译源文件 net\UDPVerify.cpp)
D:\wd\leo-client\net\Agency.h(9,49): error C2027: 使用了未定义类型“Agency” (编译源文件 net\UDPVerify.cpp)
D:\wd\leo-client\net\Agency.h(7): message : 参见“Agency”的声明 (编译源文件 net\UDPVerify.cpp)
D:\wd\leo-client\net\Agency.h(9,57): error C2065: “DealData”: 未声明的标识符 (编译源文件 net\UDPVerify.cpp)
D:\wd\leo-client\net\TCPAgency.h(22,1): error C2504: “Agency”: 未定义基类 (编译源文件 net\UDPAgency.cpp)
D:\wd\leo-client\net\Agency.h(9,49): error C2027: 使用了未定义类型“Agency” (编译源文件 net\UDPAgency.cpp)
D:\wd\leo-client\net\Agency.h(7): message : 参见“Agency”的声明 (编译源文件 net\UDPAgency.cpp)
D:\wd\leo-client\net\Agency.h(9,57): error C2065: “DealData”: 未声明的标识符 (编译源文件 net\UDPAgency.cpp)
  Login.cpp
D:\wd\leo-client\net\UDPVerify.cpp(108,19): error C2248: “Agency::net”: 无法访问 protected 成员(在“Agency”类中声明)
D:\wd\leo-client\net\Agency.h(29): message : 参见“Agency::net”的声明
D:\wd\leo-client\net\Agency.h(11): message : 参见“Agency”的声明
D:\wd\leo-client\net\UDPVerify.cpp(108,26): error C2039: "SendUDPData": 不是 "INet" 的成员
D:\wd\leo-client\net\INet.h(9): message : 参见“INet”的声明
  signup.cpp
D:\wd\leo-client\net\UDPNet.cpp(108,4): error C2064: 项不会计算为接受 3 个参数的函数
D:\wd\leo-client\net\TCPThread.cpp(14,69): error C2664: “unsigned int TCPNet::RecvThreadProc(TCPNet *,CallBack_DealData)”: 无法将参数 2 从“CallBack_DealData *”转换为“CallBack_DealData”
D:\wd\leo-client\net\TCPThread.cpp(14,60): message : 没有使该转换得以执行的上下文
D:\wd\leo-client\net\TCPNet.h(22,32): message : 参见“TCPNet::RecvThreadProc”的声明 (编译源文件 net\TCPThread.cpp)
D:\wd\leo-client\net\TCPAgency.h(22,1): error C2504: “Agency”: 未定义基类 (编译源文件 net\TCPNet.cpp)
D:\wd\leo-client\net\Agency.h(9,49): error C2027: 使用了未定义类型“Agency” (编译源文件 net\TCPNet.cpp)
D:\wd\leo-client\net\Agency.h(7): message : 参见“Agency”的声明 (编译源文件 net\TCPNet.cpp)
D:\wd\leo-client\net\Agency.h(9,57): error C2065: “DealData”: 未声明的标识符 (编译源文件 net\TCPNet.cpp)
D:\wd\leo-client\net\Agency.h(29,6): error C2143: 语法错误: 缺少“;”(在“*”的前面) (编译源文件 net\TCPNet.cpp)
D:\wd\leo-client\net\Agency.h(29,6): error C4430: 缺少类型说明符 - 假定为 int。注意: C++ 不支持默认 int (编译源文件 net\TCPNet.cpp)
D:\wd\leo-client\net\Agency.h(29,11): error C2238: 意外的标记位于“;”之前 (编译源文件 net\TCPNet.cpp)
D:\wd\leo-client\net\Agency.h(18,3): error C2065: “net”: 未声明的标识符 (编译源文件 net\TCPNet.cpp)
D:\wd\leo-client\net\TCPNet.cpp(56,82): error C2664: “TcpThread::TcpThread(INet *,CallBack_DealData,QObject *)”: 无法将参数 2 从“CallBack_DealData *”转换为“CallBack_DealData”
D:\wd\leo-client\net\TCPNet.cpp(56,72): message : 没有使该转换得以执行的上下文
D:\wd\leo-client\net\TCPThread.h(13,2): message : 参见“TcpThread::TcpThread”的声明 (编译源文件 net\TCPNet.cpp)
D:\wd\leo-client\net\TCPNet.cpp(115,3): error C2064: 项不会计算为接受 2 个参数的函数
D:\wd\leo-client\net\Protocol\Protocol.h(1,1): warning C4819: 该文件包含不能在当前代码页(936)中表示的字符。请将该文件保存为 Unicode 格式以防止数据丢失 (编译源文件 ui\Login.cpp)
D:\wd\leo-client\net\Protocol\Protocol.h(1,1): warning C4819: 该文件包含不能在当前代码页(936)中表示的字符。请将该文件保存为 Unicode 格式以防止数据丢失 (编译源文件 ui\signup.cpp)
D:\wd\leo-client\net\Agency.h(9,49): error C2027: 使用了未定义类型“Agency” (编译源文件 ui\Login.cpp)
D:\wd\leo-client\net\Agency.h(7): message : 参见“Agency”的声明 (编译源文件 ui\Login.cpp)
D:\wd\leo-client\net\Agency.h(9,57): error C2065: “DealData”: 未声明的标识符 (编译源文件 ui\Login.cpp)
