d:\wd\leo-client\x64\debug\qavatar.obj
d:\wd\leo-client\x64\debug\main.obj
d:\wd\leo-client\x64\debug\signup.obj
d:\wd\leo-client\x64\debug\uic\ui_login.h
d:\wd\leo-client\x64\debug\rcc\qrc_login.cpp
d:\wd\leo-client\x64\debug\moc\moc_signup.cpp
d:\wd\leo-client\x64\debug\moc\moc_login.cpp
d:\wd\leo-client\x64\debug\moc\moc_qavatar.cpp
d:\wd\leo-client\x64\debug\moc\moc_agency.cpp
d:\wd\leo-client\x64\debug\moc\moc_inet.cpp
d:\wd\leo-client\x64\debug\moc\moc_udpthread.cpp
d:\wd\leo-client\x64\debug\moc\moc_udpagency.cpp
d:\wd\leo-client\x64\debug\moc\moc_tcpthread.cpp
d:\wd\leo-client\x64\debug\moc\moc_tcpagency.cpp
d:\wd\leo-client\x64\debug\vc142.pdb
d:\wd\leo-client\x64\debug\leo-client.tlog\cl.10376.write.1.tlog
d:\wd\leo-client\x64\debug\leo-client.tlog\cl.command.1.tlog
d:\wd\leo-client\x64\debug\leo-client.tlog\cl.read.1.tlog
d:\wd\leo-client\x64\debug\leo-client.tlog\leo-client.write.1u.tlog
d:\wd\leo-client\x64\debug\leo-client.tlog\moc.read.1u.tlog
d:\wd\leo-client\x64\debug\leo-client.tlog\moc.write.1u.tlog
d:\wd\leo-client\x64\debug\leo-client.tlog\rcc.read.1u.tlog
d:\wd\leo-client\x64\debug\leo-client.tlog\rcc.write.1u.tlog
d:\wd\leo-client\x64\debug\leo-client.tlog\uic.read.1u.tlog
d:\wd\leo-client\x64\debug\leo-client.tlog\uic.write.1u.tlog
