d:\wd\leo\client\x64\debug\vc142.pdb
d:\wd\leo\client\x64\debug\moc_qqlogin.obj
d:\wd\leo\client\x64\debug\moc_qpersonlist.obj
d:\wd\leo\client\x64\debug\moc_qnchatmessage.obj
d:\wd\leo\client\x64\debug\moc_qmsglistitem.obj
d:\wd\leo\client\x64\debug\moc_qitembase.obj
d:\wd\leo\client\x64\debug\moc_qfrdlistitem.obj
d:\wd\leo\client\x64\debug\moc_qclient.obj
d:\wd\leo\client\x64\debug\moc_qavatar.obj
d:\wd\leo\client\x64\debug\moc_addfriendwindow.obj
d:\wd\leo\client\x64\debug\moc_mediator.obj
d:\wd\leo\client\x64\debug\moc_inet.obj
d:\wd\leo\client\x64\debug\moc_agencyudp.obj
d:\wd\leo\client\x64\debug\moc_agencytcp.obj
d:\wd\leo\client\x64\debug\moc_agency.obj
d:\wd\leo\client\x64\debug\qnchatmessage.obj
d:\wd\leo\client\x64\debug\agencyudp.obj
d:\wd\leo\client\x64\debug\agencytcp.obj
d:\wd\leo\client\x64\debug\friendnotedialog.obj
d:\wd\leo\client\x64\debug\addfriendwindow.obj
d:\wd\leo\client\x64\debug\udpverify.obj
d:\wd\leo\client\x64\debug\signup.obj
d:\wd\leo\client\x64\debug\udpthread.obj
d:\wd\leo\client\x64\debug\qqlogin.obj
d:\wd\leo\client\x64\debug\qpersonlist.obj
d:\wd\leo\client\x64\debug\qmsglistitem.obj
d:\wd\leo\client\x64\debug\qfrdlistitem.obj
d:\wd\leo\client\x64\debug\qitembase.obj
d:\wd\leo\client\x64\debug\qclient.obj
d:\wd\leo\client\x64\debug\qavatar.obj
d:\wd\leo\client\x64\debug\protocol.obj
d:\wd\leo\client\x64\debug\leo.pb.obj
d:\wd\leo\client\x64\debug\udpnet.obj
d:\wd\leo\client\x64\debug\tcpnet.obj
d:\wd\leo\client\x64\debug\tcpthread.obj
d:\wd\leo\client\x64\debug\mediator.obj
d:\wd\leo\client\x64\debug\main.obj
d:\wd\leo\client\x64\debug\moc_udpthread.obj
d:\wd\leo\client\x64\debug\moc_tcpthread.obj
d:\wd\leo\client\x64\debug\moc_signup.obj
d:\wd\leo\client\x64\debug\moc_friendnotedialog.obj
d:\wd\leo\client\x64\debug\qrc_qqlogin.obj
d:\wd\leo\client\generatedfiles\ui_qqlogin.h
d:\wd\leo\client\generatedfiles\debug\moc_qqlogin.cpp
d:\wd\leo\client\generatedfiles\debug\moc_udpthread.cpp
d:\wd\leo\client\generatedfiles\debug\moc_tcpthread.cpp
d:\wd\leo\client\generatedfiles\debug\moc_signup.cpp
d:\wd\leo\client\generatedfiles\debug\moc_qmsglistitem.cpp
d:\wd\leo\client\generatedfiles\debug\moc_qitembase.cpp
d:\wd\leo\client\generatedfiles\debug\moc_qavatar.cpp
d:\wd\leo\client\generatedfiles\debug\moc_friendnotedialog.cpp
d:\wd\leo\client\generatedfiles\debug\moc_mediator.cpp
d:\wd\leo\client\generatedfiles\debug\moc_agency.cpp
d:\wd\leo\client\generatedfiles\debug\moc_agencytcp.cpp
d:\wd\leo\client\generatedfiles\debug\moc_agencyudp.cpp
d:\wd\leo\client\generatedfiles\debug\moc_inet.cpp
d:\wd\leo\client\generatedfiles\debug\moc_addfriendwindow.cpp
d:\wd\leo\client\generatedfiles\debug\moc_qnchatmessage.cpp
d:\wd\leo\client\generatedfiles\debug\moc_qclient.cpp
d:\wd\leo\client\generatedfiles\debug\moc_qfrdlistitem.cpp
d:\wd\leo\client\generatedfiles\debug\moc_qpersonlist.cpp
d:\wd\leo\client\generatedfiles\qrc_qqlogin.cpp
d:\wd\leo\client\generatedfiles\ui_qclient.h
d:\wd\leo\client\generatedfiles\ui_addfriendwindow.h
d:\wd\leo\client\generatedfiles\ui_friendnotedialog.h
d:\wd\leo\client\x64\debug\qqlogin.exe
d:\wd\leo\client\x64\debug\qqlogin.ilk
d:\wd\leo\client\x64\debug\qqlogin.pdb
d:\wd\leo\client\x64\debug\qqlogin.tlog\cl.command.1.tlog
d:\wd\leo\client\x64\debug\qqlogin.tlog\cl.read.1.tlog
d:\wd\leo\client\x64\debug\qqlogin.tlog\cl.write.1.tlog
d:\wd\leo\client\x64\debug\qqlogin.tlog\custombuild.command.1.tlog
d:\wd\leo\client\x64\debug\qqlogin.tlog\custombuild.read.1.tlog
d:\wd\leo\client\x64\debug\qqlogin.tlog\custombuild.write.1.tlog
d:\wd\leo\client\x64\debug\qqlogin.tlog\link.command.1.tlog
d:\wd\leo\client\x64\debug\qqlogin.tlog\link.read.1.tlog
d:\wd\leo\client\x64\debug\qqlogin.tlog\link.write.1.tlog
