  Uic'ing qqlogin.ui...
  Moc'ing qqlogin.h...
C:\Program Files (x86)\Microsoft Visual Studio\2019\Community\MSBuild\Microsoft\VC\v160\Microsoft.CppCommon.targets(231,5): warning MSB4220: 等待当前正在执行的任务“CustomBuild”取消。
  Moc'ing UdpThread.h...
  Moc'ing TcpThread.h...
  Moc'ing signup.h...
  Moc'ing Mediator.h...
  Moc'ing Agency.h...
  Moc'ing AgencyTCP.h...
  Moc'ing AgencyUDP.h...
  Moc'ing INet.h...
  Moc'ing QAddFrd.h...
  Moc'ing qchatwindow.h...
  Moc'ing qnchatmessage.h...
  Moc'ing mybuttonone.h...
  Moc'ing mybutton.h...
C:\Program Files (x86)\Microsoft Visual Studio\2019\Community\MSBuild\Microsoft\VC\v160\Microsoft.CppCommon.targets(231,5): warning MSB4220: 等待当前正在执行的任务“CustomBuild”取消。
  Moc'ing qclient.h...
  Moc'ing qheadicon.h...
  Moc'ing QMessageItem.h...
  Moc'ing QPersonList.h...
  Rcc'ing qqlogin.qrc...
  Uic'ing QClient\qclient.ui...
  Uic'ing AddFirend\QAddFrd.ui...
  Uic'ing chat\qchatwindow.ui...
